2018-10-08T09:05:38.909Z - normal: Load ~/.CocosCreator/settings.json
2018-10-08T09:05:38.912Z - normal: checking language setting...
2018-10-08T09:05:38.913Z - normal: Language: zh
2018-10-08T09:05:39.409Z - success: protocol editor-framework registered
2018-10-08T09:05:39.410Z - success: protocol app registered
2018-10-08T09:05:39.410Z - success: protocol theme registered
2018-10-08T09:05:39.410Z - success: protocol packages registered
2018-10-08T09:05:39.410Z - success: protocol unpack registerred
2018-10-08T09:05:39.410Z - success: protocol disable-commonjs registerred
2018-10-08T09:05:39.618Z - normal: connected!
2018-10-08T09:05:39.620Z - normal: Check project /Users/mac/Documents/MatchVs/CuddlyBird
2018-10-08T09:05:39.620Z - normal: Initializing project /Users/mac/Documents/MatchVs/CuddlyBird
2018-10-08T09:05:39.626Z - normal: Initializing Cocos2d
2018-10-08T09:05:39.842Z - normal: Initializing Asset Database
2018-10-08T09:05:39.875Z - success: protocol uuid registerred
2018-10-08T09:05:39.875Z - success: protocol db registerred
2018-10-08T09:05:39.875Z - success: protocol thumbnail registerred
2018-10-08T09:05:39.875Z - normal: Loading editor/builtin packages
2018-10-08T09:05:40.005Z - success: assets loaded
2018-10-08T09:05:40.009Z - success: builder loaded
2018-10-08T09:05:40.012Z - success: cocos-analytics loaded
2018-10-08T09:05:40.017Z - success: console loaded
2018-10-08T09:05:40.046Z - success: fb-instant-games loaded
2018-10-08T09:05:40.051Z - success: hierarchy loaded
2018-10-08T09:05:40.056Z - success: inspector loaded
2018-10-08T09:05:40.058Z - success: keystore loaded
2018-10-08T09:05:40.064Z - success: node-library loaded
2018-10-08T09:05:40.066Z - success: package-asset loaded
2018-10-08T09:05:40.067Z - success: preferences loaded
2018-10-08T09:05:40.070Z - success: project-exporter loaded
2018-10-08T09:05:40.087Z - success: project-importer loaded
2018-10-08T09:05:40.090Z - success: project-settings loaded
2018-10-08T09:05:40.094Z - success: ui-kit loaded
2018-10-08T09:05:40.099Z - success: scene loaded
2018-10-08T09:05:40.100Z - success: sprite-editor loaded
2018-10-08T09:05:40.105Z - success: store loaded
2018-10-08T09:05:40.112Z - success: timeline loaded
2018-10-08T09:05:40.112Z - normal: Loading builtin packages
2018-10-08T09:05:40.121Z - success: asset-db-debugger loaded
2018-10-08T09:05:40.123Z - success: color-picker loaded
2018-10-08T09:05:40.127Z - success: package-manager loaded
2018-10-08T09:05:40.128Z - success: qqplay-adapter loaded
2018-10-08T09:05:40.133Z - success: sdkbox loaded
2018-10-08T09:05:40.138Z - success: tester loaded
2018-10-08T09:05:40.145Z - success: ui-grid loaded
2018-10-08T09:05:40.149Z - success: ui-kit-preview-extra loaded
2018-10-08T09:05:40.153Z - success: ui-kit-preview loaded
2018-10-08T09:05:40.156Z - success: ui-tree loaded
2018-10-08T09:05:40.158Z - success: weapp-adapter loaded
2018-10-08T09:05:41.147Z - normal: Loading packages
2018-10-08T09:05:41.156Z - normal: load!
2018-10-08T09:05:41.159Z - success: plugin-matchvs loaded
2018-10-08T09:05:41.159Z - normal: Watching packages
2018-10-08T09:05:41.211Z - normal: Run Application
2018-10-08T09:05:42.156Z - success: preview server running at http://localhost:7456
2018-10-08T09:05:57.283Z - warn: Please change the definition of property 'loseClip' in class 'uiResult'. Starting from v1.10,
the use of declaring a property in CCClass as a URL has been deprecated.
For example, if property is Texture2D, the previous definition is:
    loseClip: cc.Texture2D,
    // or:
    loseClip: {
      url: cc.Texture2D,
      default: ""
    },
Now it should be changed to:
    loseClip: {
      type: cc.Texture2D, // use 'type:' to define Texture2D object directly
      default: null,      // object's default value is null
    },
(This helps us to successfully refactor all RawAssets at v2.0, sorry for the inconvenience. 😰 )
2018-10-08T09:05:57.283Z - warn: Please change the definition of property 'victoryClip' in class 'uiResult'. Starting from v1.10,
the use of declaring a property in CCClass as a URL has been deprecated.
For example, if property is Texture2D, the previous definition is:
    victoryClip: cc.Texture2D,
    // or:
    victoryClip: {
      url: cc.Texture2D,
      default: ""
    },
Now it should be changed to:
    victoryClip: {
      type: cc.Texture2D, // use 'type:' to define Texture2D object directly
      default: null,      // object's default value is null
    },
(This helps us to successfully refactor all RawAssets at v2.0, sorry for the inconvenience. 😰 )
2018-10-08T09:05:57.289Z - warn: this._super declared in 'uiTip.onload' but no super method defined
2018-10-08T09:05:57.291Z - warn: Please change the definition of property 'loseClip' in class 'uiVsResult'. Starting from v1.10,
the use of declaring a property in CCClass as a URL has been deprecated.
For example, if property is Texture2D, the previous definition is:
    loseClip: cc.Texture2D,
    // or:
    loseClip: {
      url: cc.Texture2D,
      default: ""
    },
Now it should be changed to:
    loseClip: {
      type: cc.Texture2D, // use 'type:' to define Texture2D object directly
      default: null,      // object's default value is null
    },
(This helps us to successfully refactor all RawAssets at v2.0, sorry for the inconvenience. 😰 )
2018-10-08T09:05:57.291Z - warn: Please change the definition of property 'victoryClip' in class 'uiVsResult'. Starting from v1.10,
the use of declaring a property in CCClass as a URL has been deprecated.
For example, if property is Texture2D, the previous definition is:
    victoryClip: cc.Texture2D,
    // or:
    victoryClip: {
      url: cc.Texture2D,
      default: ""
    },
Now it should be changed to:
    victoryClip: {
      type: cc.Texture2D, // use 'type:' to define Texture2D object directly
      default: null,      // object's default value is null
    },
(This helps us to successfully refactor all RawAssets at v2.0, sorry for the inconvenience. 😰 )
2018-10-08T09:05:57.300Z - warn: Please change the definition of property 'linkAudio' in class 'blockManager'. Starting from v1.10,
the use of declaring a property in CCClass as a URL has been deprecated.
For example, if property is Texture2D, the previous definition is:
    linkAudio: cc.Texture2D,
    // or:
    linkAudio: {
      url: cc.Texture2D,
      default: ""
    },
Now it should be changed to:
    linkAudio: {
      type: cc.Texture2D, // use 'type:' to define Texture2D object directly
      default: null,      // object's default value is null
    },
(This helps us to successfully refactor all RawAssets at v2.0, sorry for the inconvenience. 😰 )
2018-10-08T09:05:57.302Z - warn: Please change the definition of property 'bubbleClip' in class 'bubbleManager'. Starting from v1.10,
the use of declaring a property in CCClass as a URL has been deprecated.
For example, if property is Texture2D, the previous definition is:
    bubbleClip: cc.Texture2D,
    // or:
    bubbleClip: {
      url: cc.Texture2D,
      default: ""
    },
Now it should be changed to:
    bubbleClip: {
      type: cc.Texture2D, // use 'type:' to define Texture2D object directly
      default: null,      // object's default value is null
    },
(This helps us to successfully refactor all RawAssets at v2.0, sorry for the inconvenience. 😰 )
2018-10-08T09:05:57.321Z - warn: Please change the definition of property 'bgmAudio' in class 'uiGamePanel'. Starting from v1.10,
the use of declaring a property in CCClass as a URL has been deprecated.
For example, if property is Texture2D, the previous definition is:
    bgmAudio: cc.Texture2D,
    // or:
    bgmAudio: {
      url: cc.Texture2D,
      default: ""
    },
Now it should be changed to:
    bgmAudio: {
      type: cc.Texture2D, // use 'type:' to define Texture2D object directly
      default: null,      // object's default value is null
    },
(This helps us to successfully refactor all RawAssets at v2.0, sorry for the inconvenience. 😰 )
2018-10-08T09:05:57.321Z - warn: Please change the definition of property 'startAudio' in class 'uiGamePanel'. Starting from v1.10,
the use of declaring a property in CCClass as a URL has been deprecated.
For example, if property is Texture2D, the previous definition is:
    startAudio: cc.Texture2D,
    // or:
    startAudio: {
      url: cc.Texture2D,
      default: ""
    },
Now it should be changed to:
    startAudio: {
      type: cc.Texture2D, // use 'type:' to define Texture2D object directly
      default: null,      // object's default value is null
    },
(This helps us to successfully refactor all RawAssets at v2.0, sorry for the inconvenience. 😰 )
2018-10-08T09:16:51.193Z - warn: Please change the definition of property 'loseClip' in class 'uiResult'. Starting from v1.10,
the use of declaring a property in CCClass as a URL has been deprecated.
For example, if property is Texture2D, the previous definition is:
    loseClip: cc.Texture2D,
    // or:
    loseClip: {
      url: cc.Texture2D,
      default: ""
    },
Now it should be changed to:
    loseClip: {
      type: cc.Texture2D, // use 'type:' to define Texture2D object directly
      default: null,      // object's default value is null
    },
(This helps us to successfully refactor all RawAssets at v2.0, sorry for the inconvenience. 😰 )
2018-10-08T09:16:51.195Z - warn: Please change the definition of property 'victoryClip' in class 'uiResult'. Starting from v1.10,
the use of declaring a property in CCClass as a URL has been deprecated.
For example, if property is Texture2D, the previous definition is:
    victoryClip: cc.Texture2D,
    // or:
    victoryClip: {
      url: cc.Texture2D,
      default: ""
    },
Now it should be changed to:
    victoryClip: {
      type: cc.Texture2D, // use 'type:' to define Texture2D object directly
      default: null,      // object's default value is null
    },
(This helps us to successfully refactor all RawAssets at v2.0, sorry for the inconvenience. 😰 )
2018-10-08T09:16:51.195Z - warn: this._super declared in 'uiTip.onload' but no super method defined
2018-10-08T09:16:51.196Z - warn: Please change the definition of property 'loseClip' in class 'uiVsResult'. Starting from v1.10,
the use of declaring a property in CCClass as a URL has been deprecated.
For example, if property is Texture2D, the previous definition is:
    loseClip: cc.Texture2D,
    // or:
    loseClip: {
      url: cc.Texture2D,
      default: ""
    },
Now it should be changed to:
    loseClip: {
      type: cc.Texture2D, // use 'type:' to define Texture2D object directly
      default: null,      // object's default value is null
    },
(This helps us to successfully refactor all RawAssets at v2.0, sorry for the inconvenience. 😰 )
2018-10-08T09:16:51.196Z - warn: Please change the definition of property 'victoryClip' in class 'uiVsResult'. Starting from v1.10,
the use of declaring a property in CCClass as a URL has been deprecated.
For example, if property is Texture2D, the previous definition is:
    victoryClip: cc.Texture2D,
    // or:
    victoryClip: {
      url: cc.Texture2D,
      default: ""
    },
Now it should be changed to:
    victoryClip: {
      type: cc.Texture2D, // use 'type:' to define Texture2D object directly
      default: null,      // object's default value is null
    },
(This helps us to successfully refactor all RawAssets at v2.0, sorry for the inconvenience. 😰 )
2018-10-08T09:16:51.196Z - warn: Please change the definition of property 'linkAudio' in class 'blockManager'. Starting from v1.10,
the use of declaring a property in CCClass as a URL has been deprecated.
For example, if property is Texture2D, the previous definition is:
    linkAudio: cc.Texture2D,
    // or:
    linkAudio: {
      url: cc.Texture2D,
      default: ""
    },
Now it should be changed to:
    linkAudio: {
      type: cc.Texture2D, // use 'type:' to define Texture2D object directly
      default: null,      // object's default value is null
    },
(This helps us to successfully refactor all RawAssets at v2.0, sorry for the inconvenience. 😰 )
2018-10-08T09:16:51.196Z - warn: Please change the definition of property 'bubbleClip' in class 'bubbleManager'. Starting from v1.10,
the use of declaring a property in CCClass as a URL has been deprecated.
For example, if property is Texture2D, the previous definition is:
    bubbleClip: cc.Texture2D,
    // or:
    bubbleClip: {
      url: cc.Texture2D,
      default: ""
    },
Now it should be changed to:
    bubbleClip: {
      type: cc.Texture2D, // use 'type:' to define Texture2D object directly
      default: null,      // object's default value is null
    },
(This helps us to successfully refactor all RawAssets at v2.0, sorry for the inconvenience. 😰 )
2018-10-08T09:16:51.229Z - warn: Please change the definition of property 'bgmAudio' in class 'uiGamePanel'. Starting from v1.10,
the use of declaring a property in CCClass as a URL has been deprecated.
For example, if property is Texture2D, the previous definition is:
    bgmAudio: cc.Texture2D,
    // or:
    bgmAudio: {
      url: cc.Texture2D,
      default: ""
    },
Now it should be changed to:
    bgmAudio: {
      type: cc.Texture2D, // use 'type:' to define Texture2D object directly
      default: null,      // object's default value is null
    },
(This helps us to successfully refactor all RawAssets at v2.0, sorry for the inconvenience. 😰 )
2018-10-08T09:16:51.230Z - warn: Please change the definition of property 'startAudio' in class 'uiGamePanel'. Starting from v1.10,
the use of declaring a property in CCClass as a URL has been deprecated.
For example, if property is Texture2D, the previous definition is:
    startAudio: cc.Texture2D,
    // or:
    startAudio: {
      url: cc.Texture2D,
      default: ""
    },
Now it should be changed to:
    startAudio: {
      type: cc.Texture2D, // use 'type:' to define Texture2D object directly
      default: null,      // object's default value is null
    },
(This helps us to successfully refactor all RawAssets at v2.0, sorry for the inconvenience. 😰 )
2018-10-08T09:49:00.616Z - normal: Start building with options : {
  "actualPlatform": "QQ Play",
  "apiLevel": "",
  "appABIs": [],
  "appKey": "",
  "appSecret": "",
  "buildPath": "/Users/mac/Documents/MatchVs/CuddlyBird/build",
  "debug": false,
  "dest": "/Users/mac/Documents/MatchVs/CuddlyBird/build/qqplay",
  "embedWebDebugger": false,
  "encryptJs": true,
  "excludeScenes": [],
  "excludedModules": [],
  "fb-instant-games": {},
  "includeAnySDK": false,
  "includeSDKBox": false,
  "inlineSpriteFrames": true,
  "inlineSpriteFrames_native": true,
  "jailbreakPlatform": false,
  "md5Cache": true,
  "mergeStartScene": false,
  "oauthLoginServer": "",
  "optimizeHotUpdate": false,
  "orientation": {
    "landscapeLeft": true,
    "landscapeRight": true,
    "portrait": false,
    "upsideDown": false
  },
  "packageName": "org.cocos2d.doubleshoot",
  "platform": "qqplay",
  "previewHeight": "720",
  "previewWidth": "1280",
  "privateKey": "",
  "qqplay": {
    "REMOTE_SERVER_ROOT": "",
    "orientation": "portrait"
  },
  "renderMode": "0",
  "scenes": [
    "79146b76-f001-46c3-9f85-5e013f21b436",
    "60331843-cd45-4a29-845f-a04a25500983"
  ],
  "sourceMaps": true,
  "startScene": "79146b76-f001-46c3-9f85-5e013f21b436",
  "template": "link",
  "title": "CuddlyBird",
  "useDebugKeystore": true,
  "vsVersion": "auto",
  "webOrientation": "auto",
  "wechatgame": {
    "REMOTE_SERVER_ROOT": "https://data.tianziyou.com/matchvsGamesRes/extremeEvasion",
    "appid": "wx793199d0ca521154",
    "isSubdomain": false,
    "orientation": "portrait",
    "subContext": ""
  },
  "xxteaKey": "c66654d5-e92d-40",
  "zipCompressJs": true,
  "project": "/Users/mac/Documents/MatchVs/CuddlyBird",
  "projectName": "CuddlyBird",
  "debugBuildWorker": false
}
2018-10-08T09:49:00.618Z - normal: Building /Users/mac/Documents/MatchVs/CuddlyBird
2018-10-08T09:49:00.619Z - normal: Destination /Users/mac/Documents/MatchVs/CuddlyBird/build/qqplay
2018-10-08T09:49:00.880Z - normal: Delete /Users/mac/Documents/MatchVs/CuddlyBird/build/qqplay/**/*
2018-10-08T09:49:13.469Z - normal: Start building assets
2018-10-08T09:49:13.470Z - normal: Start spawn build-worker
2018-10-08T09:49:14.239Z - normal: Finish spawn build-worker
2018-10-08T09:49:14.239Z - normal: Start init build-worker
2018-10-08T09:49:16.749Z - warn: Please change the definition of property 'loseClip' in class 'uiResult'. Starting from v1.10,
the use of declaring a property in CCClass as a URL has been deprecated.
For example, if property is Texture2D, the previous definition is:
    loseClip: cc.Texture2D,
    // or:
    loseClip: {
      url: cc.Texture2D,
      default: ""
    },
Now it should be changed to:
    loseClip: {
      type: cc.Texture2D, // use 'type:' to define Texture2D object directly
      default: null,      // object's default value is null
    },
(This helps us to successfully refactor all RawAssets at v2.0, sorry for the inconvenience. 😰 )
2018-10-08T09:49:16.750Z - warn: Please change the definition of property 'victoryClip' in class 'uiResult'. Starting from v1.10,
the use of declaring a property in CCClass as a URL has been deprecated.
For example, if property is Texture2D, the previous definition is:
    victoryClip: cc.Texture2D,
    // or:
    victoryClip: {
      url: cc.Texture2D,
      default: ""
    },
Now it should be changed to:
    victoryClip: {
      type: cc.Texture2D, // use 'type:' to define Texture2D object directly
      default: null,      // object's default value is null
    },
(This helps us to successfully refactor all RawAssets at v2.0, sorry for the inconvenience. 😰 )
2018-10-08T09:49:16.755Z - warn: Please change the definition of property 'loseClip' in class 'uiVsResult'. Starting from v1.10,
the use of declaring a property in CCClass as a URL has been deprecated.
For example, if property is Texture2D, the previous definition is:
    loseClip: cc.Texture2D,
    // or:
    loseClip: {
      url: cc.Texture2D,
      default: ""
    },
Now it should be changed to:
    loseClip: {
      type: cc.Texture2D, // use 'type:' to define Texture2D object directly
      default: null,      // object's default value is null
    },
(This helps us to successfully refactor all RawAssets at v2.0, sorry for the inconvenience. 😰 )
2018-10-08T09:49:16.756Z - warn: Please change the definition of property 'victoryClip' in class 'uiVsResult'. Starting from v1.10,
the use of declaring a property in CCClass as a URL has been deprecated.
For example, if property is Texture2D, the previous definition is:
    victoryClip: cc.Texture2D,
    // or:
    victoryClip: {
      url: cc.Texture2D,
      default: ""
    },
Now it should be changed to:
    victoryClip: {
      type: cc.Texture2D, // use 'type:' to define Texture2D object directly
      default: null,      // object's default value is null
    },
(This helps us to successfully refactor all RawAssets at v2.0, sorry for the inconvenience. 😰 )
2018-10-08T09:49:16.765Z - warn: Please change the definition of property 'linkAudio' in class 'blockManager'. Starting from v1.10,
the use of declaring a property in CCClass as a URL has been deprecated.
For example, if property is Texture2D, the previous definition is:
    linkAudio: cc.Texture2D,
    // or:
    linkAudio: {
      url: cc.Texture2D,
      default: ""
    },
Now it should be changed to:
    linkAudio: {
      type: cc.Texture2D, // use 'type:' to define Texture2D object directly
      default: null,      // object's default value is null
    },
(This helps us to successfully refactor all RawAssets at v2.0, sorry for the inconvenience. 😰 )
2018-10-08T09:49:16.768Z - warn: Please change the definition of property 'bubbleClip' in class 'bubbleManager'. Starting from v1.10,
the use of declaring a property in CCClass as a URL has been deprecated.
For example, if property is Texture2D, the previous definition is:
    bubbleClip: cc.Texture2D,
    // or:
    bubbleClip: {
      url: cc.Texture2D,
      default: ""
    },
Now it should be changed to:
    bubbleClip: {
      type: cc.Texture2D, // use 'type:' to define Texture2D object directly
      default: null,      // object's default value is null
    },
(This helps us to successfully refactor all RawAssets at v2.0, sorry for the inconvenience. 😰 )
2018-10-08T09:49:16.792Z - warn: Please change the definition of property 'bgmAudio' in class 'uiGamePanel'. Starting from v1.10,
the use of declaring a property in CCClass as a URL has been deprecated.
For example, if property is Texture2D, the previous definition is:
    bgmAudio: cc.Texture2D,
    // or:
    bgmAudio: {
      url: cc.Texture2D,
      default: ""
    },
Now it should be changed to:
    bgmAudio: {
      type: cc.Texture2D, // use 'type:' to define Texture2D object directly
      default: null,      // object's default value is null
    },
(This helps us to successfully refactor all RawAssets at v2.0, sorry for the inconvenience. 😰 )
2018-10-08T09:49:16.792Z - warn: Please change the definition of property 'startAudio' in class 'uiGamePanel'. Starting from v1.10,
the use of declaring a property in CCClass as a URL has been deprecated.
For example, if property is Texture2D, the previous definition is:
    startAudio: cc.Texture2D,
    // or:
    startAudio: {
      url: cc.Texture2D,
      default: ""
    },
Now it should be changed to:
    startAudio: {
      type: cc.Texture2D, // use 'type:' to define Texture2D object directly
      default: null,      // object's default value is null
    },
(This helps us to successfully refactor all RawAssets at v2.0, sorry for the inconvenience. 😰 )
2018-10-08T09:49:16.794Z - normal: Finish init build-worker
2018-10-08T09:49:16.794Z - normal: Start build-assets in worker
2018-10-08T09:49:17.528Z - warn: Script attached to "uiMaskLayout" in prefab "uiMaskLayout.prefab" is missing or invalid. Detailed information:
Node path: "uiMaskLayout"
Asset url: "db://assets/resources/ui/uiMaskLayout.prefab"
Script UUID: "a8513bdd-1a54-457c-92ab-e33439b9df7b"
Class ID: "a8513vdGlRFfJKr4zQ5ud97"

2018-10-08T09:49:17.738Z - warn: The referenced asset used in "db://assets/resources/ui/uiMaskLayout.prefab" is not found, it may have been deleted. Detailed information:
Used by "cc.PrefabInfo"
uuid: "8d844406-e950-4f57-a78d-c89587ed7d0d"
2018-10-08T09:49:17.748Z - warn: The referenced asset used in "db://assets/resources/ui/uiResultVer.prefab" is not found, it may have been deleted. Detailed information:
Used by "cc.PrefabInfo"
uuid: "e649c1b8-6bdf-4209-9aee-e75231a2d824"
2018-10-08T09:49:17.760Z - warn: The referenced asset used in "db://assets/resources/ui/uiResultVer.prefab" is not found, it may have been deleted. Detailed information:
Node path: "uiResultVer"
Used in Component: "uiResult"
uuid: "275a72f3-ffff-43cf-9c1c-b6495b147d60"
2018-10-08T09:49:17.761Z - warn: The referenced asset used in "db://assets/resources/ui/uiResultVer.prefab" is not found, it may have been deleted. Detailed information:
Node path: "uiResultVer"
Used in Component: "uiResult"
uuid: "1ceb701f-3aa5-45a6-9daf-c261fabbecbf"
2018-10-08T09:49:17.779Z - warn: The referenced asset used in "db://assets/resources/ui/uiRoomListVer.prefab" is not found, it may have been deleted. Detailed information:
Used by "cc.PrefabInfo"
uuid: "63d42f36-09b3-4c78-847c-ed201f58b3fd"
2018-10-08T09:49:18.703Z - normal: Finish build-assets in worker
2018-10-08T09:49:18.707Z - normal: Finish building assets
2018-10-08T09:49:18.750Z - normal: Start building plugin scripts
2018-10-08T09:49:21.096Z - normal: Finish building plugin scripts
2018-10-08T09:49:21.100Z - normal: Generating main.js from /Applications/CocosCreator 1.10.app/Contents/Resources/static/build-templates/shares/main.js
2018-10-08T09:49:21.577Z - normal: Built to "/Users/mac/Documents/MatchVs/CuddlyBird/build/qqplay" successfully
